<?xml version="1.0" encoding="UTF-8"?>
<!-- Generated by org.testng.reporters.JUnitXMLReporter -->
<testsuite ignored="1" hostname="DESKTOP-5Q1IF8D" failures="0" tests="2" name="Default test" time="19.657" errors="0" timestamp="2022-07-24T20:09:14 IST">
  <testcase classname="TestClass.ErrorTesting" name="VerifyDropDown_Model" time="1.62"/>
  <testcase classname="TestClass.ErrorTesting" name="VerifyDropDown__Make" time="2.147"/>
  <testcase classname="TestClass.ErrorTesting" name="errorMsg_CylinderCap" time="0.0">
    <ignored/>
  </testcase> <!-- errorMsg_CylinderCap -->
</testsuite> <!-- Default test -->
