<?xml version="1.0" encoding="UTF-8"?>
<!-- Generated by org.testng.reporters.JUnitXMLReporter -->
<testsuite ignored="0" hostname="DESKTOP-5Q1IF8D" failures="1" tests="6" name="Test" time="103.443" errors="0" timestamp="2022-07-24T20:26:28 IST">
  <testcase classname="TestClass.EndtoEndTesting" name="InsuranceCalcu" time="16.698"/>
  <testcase classname="TestClass.EndtoEndTesting" name="InsuranceCalcu" time="16.579"/>
  <testcase classname="TestClass.EndtoEndTesting" name="InsuranceCalcu" time="16.787"/>
  <testcase classname="TestClass.ErrorTesting" name="VerifyDropDown_Model" time="2.128"/>
  <testcase classname="TestClass.ErrorTesting" name="VerifyDropDown__Make" time="1.931">
    <failure type="java.lang.AssertionError" message="This List is not Same: Lists differ at element [1]: Aud != Audi expected [Aud] but found [Audi]">
      <![CDATA[java.lang.AssertionError: This List is not Same: Lists differ at element [1]: Aud != Audi expected [Aud] but found [Audi]
at TestClass.ErrorTesting.VerifyDropDown__Make(ErrorTesting.java:54)
at java.base/java.util.ArrayList.forEach(ArrayList.java:1511)
... Removed 31 stack frames]]>
    </failure>
  </testcase> <!-- VerifyDropDown__Make -->
  <testcase classname="TestClass.ErrorTesting" name="errorMsg_CylinderCap" time="1.389"/>
</testsuite> <!-- Test -->
