<?xml version="1.0" encoding="UTF-8"?>
<!-- Generated by org.testng.reporters.JUnitXMLReporter -->
<testsuite ignored="0" hostname="DESKTOP-5Q1IF8D" failures="0" tests="3" name="Test" time="85.002" errors="0" timestamp="2022-07-24T17:04:43 IST">
  <testcase classname="TestClass.EndtoEndTesting" name="InsuranceCalcu" time="16.864"/>
  <testcase classname="TestClass.EndtoEndTesting" name="InsuranceCalcu" time="17.46"/>
  <testcase classname="TestClass.EndtoEndTesting" name="InsuranceCalcu" time="18.169"/>
</testsuite> <!-- Test -->
